<?xml version="1.0" encoding="UTF-8"?>
<testng-results skipped="0" failed="1" ignored="0" total="1" passed="0">
  <reporter-output>
  </reporter-output>
  <suite name="Default suite" duration-ms="84164" started-at="2021-10-24T16:40:22 COT" finished-at="2021-10-24T16:41:46 COT">
    <groups>
      <group name="cucumber">
        <method signature="AbstractTestNGCucumberTests.runScenario(io.cucumber.testng.PickleWrapper, io.cucumber.testng.FeatureWrapper)[pri:0, instance:com.avianca.automation.runners.TravelAviancaRunner@1d082e88]" name="runScenario" class="io.cucumber.testng.AbstractTestNGCucumberTests"/>
      </group> <!-- cucumber -->
    </groups>
    <test name="Default test" duration-ms="84164" started-at="2021-10-24T16:40:22 COT" finished-at="2021-10-24T16:41:46 COT">
      <class name="com.avianca.automation.runners.TravelAviancaRunner">
        <test-method status="PASS" signature="setUpClass()[pri:0, instance:com.avianca.automation.runners.TravelAviancaRunner@1d082e88]" name="setUpClass" is-config="true" duration-ms="286" started-at="2021-10-24T16:40:22 COT" finished-at="2021-10-24T16:40:22 COT">
          <reporter-output>
          </reporter-output>
        </test-method> <!-- setUpClass -->
        <test-method status="FAIL" signature="runScenario(io.cucumber.testng.PickleWrapper, io.cucumber.testng.FeatureWrapper)[pri:0, instance:com.avianca.automation.runners.TravelAviancaRunner@1d082e88]" name="runScenario" duration-ms="83806" started-at="2021-10-24T16:40:22 COT" description="Runs Cucumber Scenarios" data-provider="scenarios" finished-at="2021-10-24T16:41:46 COT">
          <params>
            <param index="0">
              <value>
                <![CDATA["Validate that the user login success at AVE"]]>
              </value>
            </param>
            <param index="1">
              <value>
                <![CDATA["Login success at AVE"]]>
              </value>
            </param>
          </params>
          <exception class="org.openqa.selenium.TimeoutException">
            <message>
              <![CDATA[Expected condition failed: waiting for visibility of TravelAviancaPage.bestPrice (tried for 30 second(s) with 500 milliseconds interval)]]>
            </message>
            <full-stacktrace>
              <![CDATA[org.openqa.selenium.TimeoutException: Expected condition failed: waiting for visibility of TravelAviancaPage.bestPrice (tried for 30 second(s) with 500 milliseconds interval)
at org.openqa.selenium.support.ui.WebDriverWait.timeoutException(WebDriverWait.java:95)
at org.openqa.selenium.support.ui.FluentWait.until(FluentWait.java:272)
at com.avianca.automation.pages.TravelAviancaPage.flying(TravelAviancaPage.java:83)
at com.avianca.automation.steps.TravelAviancaStep.flaying(TravelAviancaStep.java:24)
at com.avianca.automation.steps.TravelAviancaStep$ByteBuddy$HEI077vT.flaying$accessor$03vW6Tud(Unknown Source)
at sun.reflect.NativeMethodAccessorImpl.invoke0(Native Method)
at sun.reflect.NativeMethodAccessorImpl.invoke(NativeMethodAccessorImpl.java:62)
at sun.reflect.DelegatingMethodAccessorImpl.invoke(DelegatingMethodAccessorImpl.java:43)
at java.lang.reflect.Method.invoke(Method.java:498)
at net.thucydides.core.steps.StepInterceptor.invokeMethod(StepInterceptor.java:504)
at net.thucydides.core.steps.StepInterceptor.executeTestStepMethod(StepInterceptor.java:484)
at net.thucydides.core.steps.StepInterceptor.runTestStep(StepInterceptor.java:458)
at net.thucydides.core.steps.StepInterceptor.runOrSkipMethod(StepInterceptor.java:210)
at net.thucydides.core.steps.StepInterceptor.testStepResult(StepInterceptor.java:197)
at net.thucydides.core.steps.StepInterceptor.intercept(StepInterceptor.java:85)
at net.thucydides.core.steps.ProxyConfiguration$InterceptorDispatcher.intercept(ProxyConfiguration.java:51)
at com.avianca.automation.steps.TravelAviancaStep$ByteBuddy$HEI077vT.flaying(Unknown Source)
at com.avianca.automation.stepdefinitions.TravelAviancaStepsDefinition.open_the_page_AVE(TravelAviancaStepsDefinition.java:33)
at âœ½.open the page avianca 1(file:///Users/macaircamilocarvajal/Documents/MahindraTest/AutomationAvianca/src/test/resources/features/travelAvianca.feature:5)
Caused by: org.openqa.selenium.NoSuchElementException: Timed out after 10 seconds. Element not found
For documentation on this error, please visit: https://www.seleniumhq.org/exceptions/no_such_element.html
Build info: version: '3.141.59', revision: 'e82be7d358', time: '2018-11-14T08:17:03'
System info: host: '192.168.0.6', ip: 'fe80:0:0:0:891:b466:b1f4:196a%en0', os.name: 'Mac OS X', os.arch: 'x86_64', os.version: '10.16', java.version: '1.8.0_292'
Driver info: driver.version: unknown
at net.thucydides.core.annotations.locators.SmartAjaxElementLocator.ajaxFindElement(SmartAjaxElementLocator.java:164)
at net.thucydides.core.annotations.locators.SmartAjaxElementLocator.findElement(SmartAjaxElementLocator.java:116)
at net.serenitybdd.core.pages.WebElementResolverByElementLocator.resolveForDriver(WebElementResolverByElementLocator.java:29)
at net.serenitybdd.core.pages.WebElementFacadeImpl.getResolvedElement(WebElementFacadeImpl.java:231)
at net.serenitybdd.core.pages.WebElementFacadeImpl.getElement(WebElementFacadeImpl.java:226)
at net.serenitybdd.core.pages.WebElementFacadeImpl.isDisplayed(WebElementFacadeImpl.java:1401)
at sun.reflect.NativeMethodAccessorImpl.invoke0(Native Method)
at sun.reflect.NativeMethodAccessorImpl.invoke(NativeMethodAccessorImpl.java:62)
at sun.reflect.DelegatingMethodAccessorImpl.invoke(DelegatingMethodAccessorImpl.java:43)
at java.lang.reflect.Method.invoke(Method.java:498)
at net.thucydides.core.annotations.locators.AbstractSingleItemHandler.invoke(AbstractSingleItemHandler.java:43)
at com.sun.proxy.$Proxy50.isDisplayed(Unknown Source)
at org.openqa.selenium.support.ui.ExpectedConditions.elementIfVisible(ExpectedConditions.java:314)
at org.openqa.selenium.support.ui.ExpectedConditions.access$000(ExpectedConditions.java:43)
at org.openqa.selenium.support.ui.ExpectedConditions$10.apply(ExpectedConditions.java:300)
at org.openqa.selenium.support.ui.ExpectedConditions$10.apply(ExpectedConditions.java:297)
at org.openqa.selenium.support.ui.FluentWait.until(FluentWait.java:249)
at com.avianca.automation.pages.TravelAviancaPage.flying(TravelAviancaPage.java:83)
at com.avianca.automation.steps.TravelAviancaStep.flaying(TravelAviancaStep.java:24)
at com.avianca.automation.steps.TravelAviancaStep$ByteBuddy$HEI077vT.flaying$accessor$03vW6Tud(Unknown Source)
at sun.reflect.NativeMethodAccessorImpl.invoke0(Native Method)
at sun.reflect.NativeMethodAccessorImpl.invoke(NativeMethodAccessorImpl.java:62)
at sun.reflect.DelegatingMethodAccessorImpl.invoke(DelegatingMethodAccessorImpl.java:43)
at java.lang.reflect.Method.invoke(Method.java:498)
at net.thucydides.core.steps.StepInterceptor.invokeMethod(StepInterceptor.java:504)
at net.thucydides.core.steps.StepInterceptor.executeTestStepMethod(StepInterceptor.java:484)
at net.thucydides.core.steps.StepInterceptor.runTestStep(StepInterceptor.java:458)
at net.thucydides.core.steps.StepInterceptor.runOrSkipMethod(StepInterceptor.java:210)
at net.thucydides.core.steps.StepInterceptor.testStepResult(StepInterceptor.java:197)
at net.thucydides.core.steps.StepInterceptor.intercept(StepInterceptor.java:85)
at net.thucydides.core.steps.ProxyConfiguration$InterceptorDispatcher.intercept(ProxyConfiguration.java:51)
at com.avianca.automation.steps.TravelAviancaStep$ByteBuddy$HEI077vT.flaying(Unknown Source)
at com.avianca.automation.stepdefinitions.TravelAviancaStepsDefinition.open_the_page_AVE(TravelAviancaStepsDefinition.java:33)
at sun.reflect.NativeMethodAccessorImpl.invoke0(Native Method)
at sun.reflect.NativeMethodAccessorImpl.invoke(NativeMethodAccessorImpl.java:62)
at sun.reflect.DelegatingMethodAccessorImpl.invoke(DelegatingMethodAccessorImpl.java:43)
at java.lang.reflect.Method.invoke(Method.java:498)
at io.cucumber.java.Invoker.doInvoke(Invoker.java:66)
at io.cucumber.java.Invoker.invoke(Invoker.java:24)
at io.cucumber.java.AbstractGlueDefinition.invokeMethod(AbstractGlueDefinition.java:47)
at io.cucumber.java.JavaStepDefinition.execute(JavaStepDefinition.java:29)
at io.cucumber.core.runner.PickleStepDefinitionMatch.runStep(PickleStepDefinitionMatch.java:63)
at io.cucumber.core.runner.TestStep.executeStep(TestStep.java:64)
at io.cucumber.core.runner.TestStep.run(TestStep.java:49)
at io.cucumber.core.runner.PickleStepTestStep.run(PickleStepTestStep.java:46)
at io.cucumber.core.runner.TestCase.run(TestCase.java:51)
at io.cucumber.core.runner.Runner.runPickle(Runner.java:67)
at io.cucumber.testng.TestNGCucumberRunner.runScenario(TestNGCucumberRunner.java:124)
at io.cucumber.testng.AbstractTestNGCucumberTests.runScenario(AbstractTestNGCucumberTests.java:29)
at sun.reflect.NativeMethodAccessorImpl.invoke0(Native Method)
at sun.reflect.NativeMethodAccessorImpl.invoke(NativeMethodAccessorImpl.java:62)
at sun.reflect.DelegatingMethodAccessorImpl.invoke(DelegatingMethodAccessorImpl.java:43)
at java.lang.reflect.Method.invoke(Method.java:498)
at org.testng.internal.MethodInvocationHelper.invokeMethod(MethodInvocationHelper.java:134)
at org.testng.internal.TestInvoker.invokeMethod(TestInvoker.java:597)
at org.testng.internal.TestInvoker.invokeTestMethod(TestInvoker.java:173)
at org.testng.internal.MethodRunner.runInSequence(MethodRunner.java:46)
at org.testng.internal.TestInvoker$MethodInvocationAgent.invoke(TestInvoker.java:816)
at org.testng.internal.TestInvoker.invokeTestMethods(TestInvoker.java:146)
at org.testng.internal.TestMethodWorker.invokeTestMethods(TestMethodWorker.java:146)
at org.testng.internal.TestMethodWorker.run(TestMethodWorker.java:128)
at java.util.ArrayList.forEach(ArrayList.java:1259)
at org.testng.TestRunner.privateRun(TestRunner.java:766)
at org.testng.TestRunner.run(TestRunner.java:587)
at org.testng.SuiteRunner.runTest(SuiteRunner.java:384)
at org.testng.SuiteRunner.runSequentially(SuiteRunner.java:378)
at org.testng.SuiteRunner.privateRun(SuiteRunner.java:337)
at org.testng.SuiteRunner.run(SuiteRunner.java:286)
at org.testng.SuiteRunnerWorker.runSuite(SuiteRunnerWorker.java:53)
at org.testng.SuiteRunnerWorker.run(SuiteRunnerWorker.java:96)
at org.testng.TestNG.runSuitesSequentially(TestNG.java:1187)
at org.testng.TestNG.runSuitesLocally(TestNG.java:1109)
at org.testng.TestNG.runSuites(TestNG.java:1039)
at org.testng.TestNG.run(TestNG.java:1007)
at org.testng.remote.AbstractRemoteTestNG.run(AbstractRemoteTestNG.java:115)
at org.testng.remote.RemoteTestNG.initAndRun(RemoteTestNG.java:251)
at org.testng.remote.RemoteTestNG.main(RemoteTestNG.java:77)
]]>
            </full-stacktrace>
          </exception> <!-- org.openqa.selenium.TimeoutException -->
          <reporter-output>
          </reporter-output>
        </test-method> <!-- runScenario -->
        <test-method status="PASS" signature="tearDownClass()[pri:0, instance:com.avianca.automation.runners.TravelAviancaRunner@1d082e88]" name="tearDownClass" is-config="true" duration-ms="7" started-at="2021-10-24T16:41:46 COT" finished-at="2021-10-24T16:41:46 COT">
          <reporter-output>
          </reporter-output>
        </test-method> <!-- tearDownClass -->
      </class> <!-- com.avianca.automation.runners.TravelAviancaRunner -->
    </test> <!-- Default test -->
  </suite> <!-- Default suite -->
</testng-results>
