<?xml version="1.0" encoding="UTF-8"?>
<!-- Generated by org.testng.reporters.JUnitReportReporter -->
<testsuite skipped="0" hostname="MacBook-Air-de-Camilo.local" name="com.avianca.automation.runners.RunTestNGTest" tests="1" failures="0" timestamp="2021-10-23T22:06:46 COT" time="52.609" errors="1">
  <testcase name="runScenario" time="52.609" classname="com.avianca.automation.runners.RunTestNGTest">
    <error type="net.thucydides.core.webdriver.exceptions.ElementShouldBeEnabledException" message="Expected enabled element was not enabled">
      <![CDATA[net.thucydides.core.webdriver.exceptions.ElementShouldBeEnabledException: Expected enabled element was not enabled
at net.serenitybdd.core.pages.WebElementFacadeImpl.waitUntilEnabled(WebElementFacadeImpl.java:1190)
at net.serenitybdd.core.pages.WebElementFacadeImpl.waitUntilElementAvailable(WebElementFacadeImpl.java:990)
at net.serenitybdd.core.pages.WebElementFacadeImpl.click(WebElementFacadeImpl.java:1272)
at net.serenitybdd.core.pages.WebElementFacadeImpl.click(WebElementFacadeImpl.java:1291)
at sun.reflect.NativeMethodAccessorImpl.invoke0(Native Method)
at sun.reflect.NativeMethodAccessorImpl.invoke(NativeMethodAccessorImpl.java:62)
at sun.reflect.DelegatingMethodAccessorImpl.invoke(DelegatingMethodAccessorImpl.java:43)
at java.lang.reflect.Method.invoke(Method.java:498)
at net.thucydides.core.annotations.locators.AbstractSingleItemHandler.invoke(AbstractSingleItemHandler.java:43)
at com.sun.proxy.$Proxy50.click(Unknown Source)
at com.avianca.automation.pages.TravelAviancaPage.flying(TravelAviancaPage.java:82)
at com.avianca.automation.steps.TravelAviancaStep.flaying(TravelAviancaStep.java:24)
at com.avianca.automation.steps.TravelAviancaStep$ByteBuddy$ZTelk5vM.flaying$accessor$WbsnOfVx(Unknown Source)
at sun.reflect.NativeMethodAccessorImpl.invoke0(Native Method)
at sun.reflect.NativeMethodAccessorImpl.invoke(NativeMethodAccessorImpl.java:62)
at sun.reflect.DelegatingMethodAccessorImpl.invoke(DelegatingMethodAccessorImpl.java:43)
at java.lang.reflect.Method.invoke(Method.java:498)
at net.thucydides.core.steps.StepInterceptor.invokeMethod(StepInterceptor.java:504)
at net.thucydides.core.steps.StepInterceptor.executeTestStepMethod(StepInterceptor.java:484)
at net.thucydides.core.steps.StepInterceptor.runTestStep(StepInterceptor.java:458)
at net.thucydides.core.steps.StepInterceptor.runOrSkipMethod(StepInterceptor.java:210)
at net.thucydides.core.steps.StepInterceptor.testStepResult(StepInterceptor.java:197)
at net.thucydides.core.steps.StepInterceptor.intercept(StepInterceptor.java:85)
at net.thucydides.core.steps.ProxyConfiguration$InterceptorDispatcher.intercept(ProxyConfiguration.java:51)
at com.avianca.automation.steps.TravelAviancaStep$ByteBuddy$ZTelk5vM.flaying(Unknown Source)
at com.avianca.automation.stepdefinitions.TravelAviancaStepsDefinition.open_the_page_AVE(TravelAviancaStepsDefinition.java:33)
at âœ½.open the page avianca 1(file:///Users/macaircamilocarvajal/Documents/MahindraTest/AutomationAvianca/src/test/resources/features/travelAvianca.feature:5)
Caused by: org.openqa.selenium.TimeoutException: Expected condition failed: waiting for TravelAviancaPage.chooseFlights to be enabled (tried for 20 second(s) with 100 milliseconds interval)
at org.openqa.selenium.support.ui.FluentWait.timeoutException(FluentWait.java:304)
at org.openqa.selenium.support.ui.FluentWait.until(FluentWait.java:272)
at net.serenitybdd.core.pages.WebElementFacadeImpl.waitUntilEnabled(WebElementFacadeImpl.java:1187)
at net.serenitybdd.core.pages.WebElementFacadeImpl.waitUntilElementAvailable(WebElementFacadeImpl.java:990)
at net.serenitybdd.core.pages.WebElementFacadeImpl.click(WebElementFacadeImpl.java:1272)
at net.serenitybdd.core.pages.WebElementFacadeImpl.click(WebElementFacadeImpl.java:1291)
at sun.reflect.NativeMethodAccessorImpl.invoke0(Native Method)
at sun.reflect.NativeMethodAccessorImpl.invoke(NativeMethodAccessorImpl.java:62)
at sun.reflect.DelegatingMethodAccessorImpl.invoke(DelegatingMethodAccessorImpl.java:43)
at java.lang.reflect.Method.invoke(Method.java:498)
at net.thucydides.core.annotations.locators.AbstractSingleItemHandler.invoke(AbstractSingleItemHandler.java:43)
at com.sun.proxy.$Proxy50.click(Unknown Source)
at com.avianca.automation.pages.TravelAviancaPage.flying(TravelAviancaPage.java:82)
at com.avianca.automation.steps.TravelAviancaStep.flaying(TravelAviancaStep.java:24)
at com.avianca.automation.steps.TravelAviancaStep$ByteBuddy$ZTelk5vM.flaying$accessor$WbsnOfVx(Unknown Source)
at sun.reflect.NativeMethodAccessorImpl.invoke0(Native Method)
at sun.reflect.NativeMethodAccessorImpl.invoke(NativeMethodAccessorImpl.java:62)
at sun.reflect.DelegatingMethodAccessorImpl.invoke(DelegatingMethodAccessorImpl.java:43)
at java.lang.reflect.Method.invoke(Method.java:498)
at net.thucydides.core.steps.StepInterceptor.invokeMethod(StepInterceptor.java:504)
at net.thucydides.core.steps.StepInterceptor.executeTestStepMethod(StepInterceptor.java:484)
at net.thucydides.core.steps.StepInterceptor.runTestStep(StepInterceptor.java:458)
at net.thucydides.core.steps.StepInterceptor.runOrSkipMethod(StepInterceptor.java:210)
at net.thucydides.core.steps.StepInterceptor.testStepResult(StepInterceptor.java:197)
at net.thucydides.core.steps.StepInterceptor.intercept(StepInterceptor.java:85)
at net.thucydides.core.steps.ProxyConfiguration$InterceptorDispatcher.intercept(ProxyConfiguration.java:51)
at com.avianca.automation.steps.TravelAviancaStep$ByteBuddy$ZTelk5vM.flaying(Unknown Source)
at com.avianca.automation.stepdefinitions.TravelAviancaStepsDefinition.open_the_page_AVE(TravelAviancaStepsDefinition.java:33)
at sun.reflect.NativeMethodAccessorImpl.invoke0(Native Method)
at sun.reflect.NativeMethodAccessorImpl.invoke(NativeMethodAccessorImpl.java:62)
at sun.reflect.DelegatingMethodAccessorImpl.invoke(DelegatingMethodAccessorImpl.java:43)
at java.lang.reflect.Method.invoke(Method.java:498)
at io.cucumber.java.Invoker.doInvoke(Invoker.java:66)
at io.cucumber.java.Invoker.invoke(Invoker.java:24)
at io.cucumber.java.AbstractGlueDefinition.invokeMethod(AbstractGlueDefinition.java:47)
at io.cucumber.java.JavaStepDefinition.execute(JavaStepDefinition.java:29)
at io.cucumber.core.runner.PickleStepDefinitionMatch.runStep(PickleStepDefinitionMatch.java:63)
at io.cucumber.core.runner.TestStep.executeStep(TestStep.java:64)
at io.cucumber.core.runner.TestStep.run(TestStep.java:49)
at io.cucumber.core.runner.PickleStepTestStep.run(PickleStepTestStep.java:46)
at io.cucumber.core.runner.TestCase.run(TestCase.java:51)
at io.cucumber.core.runner.Runner.runPickle(Runner.java:67)
at io.cucumber.testng.TestNGCucumberRunner.runScenario(TestNGCucumberRunner.java:124)
at io.cucumber.testng.AbstractTestNGCucumberTests.runScenario(AbstractTestNGCucumberTests.java:29)
at sun.reflect.NativeMethodAccessorImpl.invoke0(Native Method)
at sun.reflect.NativeMethodAccessorImpl.invoke(NativeMethodAccessorImpl.java:62)
at sun.reflect.DelegatingMethodAccessorImpl.invoke(DelegatingMethodAccessorImpl.java:43)
at java.lang.reflect.Method.invoke(Method.java:498)
at org.testng.internal.MethodInvocationHelper.invokeMethod(MethodInvocationHelper.java:134)
at org.testng.internal.TestInvoker.invokeMethod(TestInvoker.java:597)
at org.testng.internal.TestInvoker.invokeTestMethod(TestInvoker.java:173)
at org.testng.internal.MethodRunner.runInSequence(MethodRunner.java:46)
at org.testng.internal.TestInvoker$MethodInvocationAgent.invoke(TestInvoker.java:816)
at org.testng.internal.TestInvoker.invokeTestMethods(TestInvoker.java:146)
at org.testng.internal.TestMethodWorker.invokeTestMethods(TestMethodWorker.java:146)
at org.testng.internal.TestMethodWorker.run(TestMethodWorker.java:128)
at java.util.ArrayList.forEach(ArrayList.java:1259)
at org.testng.TestRunner.privateRun(TestRunner.java:766)
at org.testng.TestRunner.run(TestRunner.java:587)
at org.testng.SuiteRunner.runTest(SuiteRunner.java:384)
at org.testng.SuiteRunner.runSequentially(SuiteRunner.java:378)
at org.testng.SuiteRunner.privateRun(SuiteRunner.java:337)
at org.testng.SuiteRunner.run(SuiteRunner.java:286)
at org.testng.SuiteRunnerWorker.runSuite(SuiteRunnerWorker.java:53)
at org.testng.SuiteRunnerWorker.run(SuiteRunnerWorker.java:96)
at org.testng.TestNG.runSuitesSequentially(TestNG.java:1187)
at org.testng.TestNG.runSuitesLocally(TestNG.java:1109)
at org.testng.TestNG.runSuites(TestNG.java:1039)
at org.testng.TestNG.run(TestNG.java:1007)
at org.testng.remote.AbstractRemoteTestNG.run(AbstractRemoteTestNG.java:115)
at org.testng.remote.RemoteTestNG.initAndRun(RemoteTestNG.java:251)
at org.testng.remote.RemoteTestNG.main(RemoteTestNG.java:77)
Caused by: org.openqa.selenium.NoSuchElementException: Timed out after 10 seconds. Element not found
For documentation on this error, please visit: https://www.seleniumhq.org/exceptions/no_such_element.html
Build info: version: '3.141.59', revision: 'e82be7d358', time: '2018-11-14T08:17:03'
System info: host: 'MacBook-Air-de-Camilo.local', ip: '2800:484:329e:3500:0:0:0:7%en0', os.name: 'Mac OS X', os.arch: 'x86_64', os.version: '10.16', java.version: '1.8.0_292'
Driver info: driver.version: unknown
at net.thucydides.core.annotations.locators.SmartAjaxElementLocator.ajaxFindElement(SmartAjaxElementLocator.java:164)
at net.thucydides.core.annotations.locators.SmartAjaxElementLocator.findElement(SmartAjaxElementLocator.java:116)
at net.serenitybdd.core.pages.WebElementResolverByElementLocator.resolveForDriver(WebElementResolverByElementLocator.java:29)
at net.serenitybdd.core.pages.WebElementFacadeImpl.getResolvedElement(WebElementFacadeImpl.java:231)
at net.serenitybdd.core.pages.WebElementFacadeImpl.getElement(WebElementFacadeImpl.java:226)
at net.serenitybdd.core.pages.WebElementExpectations$3.apply(WebElementExpectations.java:63)
at net.serenitybdd.core.pages.WebElementExpectations$3.apply(WebElementExpectations.java:55)
at org.openqa.selenium.support.ui.FluentWait.until(FluentWait.java:249)
... 70 more
]]>
    </error>
  </testcase> <!-- runScenario -->
  <system-out/>
</testsuite> <!-- com.avianca.automation.runners.RunTestNGTest -->
